-------------------------------------------------------------------------------
Test set: com.examly.springapp.SpringappApplicationTests
-------------------------------------------------------------------------------
Tests run: 18, Failures: 9, Errors: 0, Skipped: 0, Time elapsed: 3.546 s <<< FAILURE! - in com.examly.springapp.SpringappApplicationTests
backend_day18_testGetAllMovie  Time elapsed: 0.016 s  <<< FAILURE!
java.lang.AssertionError: Status expected:<200> but was:<405>
	at com.examly.springapp.SpringappApplicationTests.backend_day18_testGetAllMovie(SpringappApplicationTests.java:143)

backend_day19_testrepositoryFile  Time elapsed: 0.001 s  <<< FAILURE!
org.opentest4j.AssertionFailedError: expected: <true> but was: <false>
	at com.examly.springapp.SpringappApplicationTests.backend_day19_testrepositoryFile(SpringappApplicationTests.java:156)

backend_day19_testBookingFile  Time elapsed: 0.002 s  <<< FAILURE!
org.opentest4j.AssertionFailedError: expected: <true> but was: <false>
	at com.examly.springapp.SpringappApplicationTests.backend_day19_testBookingFile(SpringappApplicationTests.java:167)

backend_day21_testServiceBookingFile  Time elapsed: 0.002 s  <<< FAILURE!
org.opentest4j.AssertionFailedError: expected: <true> but was: <false>
	at com.examly.springapp.SpringappApplicationTests.backend_day21_testServiceBookingFile(SpringappApplicationTests.java:212)

backend_day22_testExceptionFile  Time elapsed: 0.002 s  <<< FAILURE!
org.opentest4j.AssertionFailedError: expected: <true> but was: <false>
	at com.examly.springapp.SpringappApplicationTests.backend_day22_testExceptionFile(SpringappApplicationTests.java:223)

backend_day24_testcontrollerBookingFile  Time elapsed: 0.002 s  <<< FAILURE!
org.opentest4j.AssertionFailedError: expected: <true> but was: <false>
	at com.examly.springapp.SpringappApplicationTests.backend_day24_testcontrollerBookingFile(SpringappApplicationTests.java:233)

backend_day25_testEntityUserFile  Time elapsed: 0.001 s  <<< FAILURE!
org.opentest4j.AssertionFailedError: expected: <true> but was: <false>
	at com.examly.springapp.SpringappApplicationTests.backend_day25_testEntityUserFile(SpringappApplicationTests.java:248)

backend_day26_testCorsUserFile  Time elapsed: 0.001 s  <<< FAILURE!
org.opentest4j.AssertionFailedError: expected: <true> but was: <false>
	at com.examly.springapp.SpringappApplicationTests.backend_day26_testCorsUserFile(SpringappApplicationTests.java:258)

backend_day20_testBookingHasManyToOneAnnotation  Time elapsed: 0.002 s  <<< FAILURE!
org.opentest4j.AssertionFailedError: Class not found: com.examly.springapp.entity.Booking
	at com.examly.springapp.SpringappApplicationTests.backend_day20_testBookingHasManyToOneAnnotation(SpringappApplicationTests.java:199)

